生成启动时间为 2015/2/4 13:57:34。
     1>项目“D:\opencv\proj\Signal\signal\signal.vcxproj”在节点 2 上(Build 个目标)。
     1>ClCompile:
         C:\Program Files (x86)\Microsoft Visual Studio 11.0\VC\bin\CL.exe /c /Zi /nologo /W3 /WX- /O2 /Oi /Oy- /GL /D _MBCS /Gm- /EHsc /MD /GS /Gy /fp:precise /Zc:wchar_t /Zc:forScope /Fo"Release\\" /Fd"Release\vc110.pdb" /Gd /TP /analyze- /errorReport:prompt Classifier.cpp main.cpp TLD.cpp Tracker.cpp utility.cpp
         Classifier.cpp
     1>Classifier.cpp(7): warning C4305: “=”: 从“double”到“float”截断
     1>Classifier.cpp(10): warning C4305: “=”: 从“double”到“float”截断
     1>Classifier.cpp(11): warning C4305: “=”: 从“double”到“float”截断
     1>Classifier.cpp(12): warning C4305: “=”: 从“double”到“float”截断
     1>Classifier.cpp(28): warning C4018: “<”: 有符号/无符号不匹配
     1>Classifier.cpp(29): warning C4244: “=”: 从“float”转换到“int”，可能丢失数据
     1>Classifier.cpp(30): warning C4244: “=”: 从“float”转换到“int”，可能丢失数据
     1>Classifier.cpp(31): warning C4244: “=”: 从“float”转换到“int”，可能丢失数据
     1>Classifier.cpp(32): warning C4244: “=”: 从“float”转换到“int”，可能丢失数据
     1>Classifier.cpp(37): warning C4244: “=”: 从“double”转换到“float”，可能丢失数据
     1>Classifier.cpp(40): warning C4244: “参数”: 从“double”转换到“unsigned int”，可能丢失数据
     1>Classifier.cpp(41): warning C4244: “参数”: 从“double”转换到“unsigned int”，可能丢失数据
     1>Classifier.cpp(42): warning C4244: “参数”: 从“double”转换到“unsigned int”，可能丢失数据
     1>Classifier.cpp(59): warning C4018: “<”: 有符号/无符号不匹配
     1>Classifier.cpp(76): warning C4018: “<”: 有符号/无符号不匹配
     1>Classifier.cpp(94): warning C4018: “<”: 有符号/无符号不匹配
     1>Classifier.cpp(100): warning C4018: “<”: 有符号/无符号不匹配
     1>Classifier.cpp(133): warning C4244: “初始化”: 从“float”转换到“int”，可能丢失数据
     1>Classifier.cpp(137): warning C4018: “<”: 有符号/无符号不匹配
     1>Classifier.cpp(139): warning C4244: “=”: 从“double”转换到“float”，可能丢失数据
     1>Classifier.cpp(148): warning C4018: “<”: 有符号/无符号不匹配
     1>Classifier.cpp(150): warning C4244: “=”: 从“double”转换到“float”，可能丢失数据
     1>Classifier.cpp(180): warning C4018: “<”: 有符号/无符号不匹配
         main.cpp
         TLD.cpp
     1>TLD.cpp(12): warning C4305: “=”: 从“double”到“float”截断
     1>TLD.cpp(13): warning C4305: “=”: 从“double”到“float”截断
     1>TLD.cpp(47): warning C4244: “=”: 从“double”转换到“float”，可能丢失数据
     1>TLD.cpp(62): warning C4018: “<”: 有符号/无符号不匹配
     1>TLD.cpp(66): warning C4018: “<”: 有符号/无符号不匹配
     1>TLD.cpp(74): warning C4018: “<”: 有符号/无符号不匹配
     1>TLD.cpp(93): warning C4244: “参数”: 从“int”转换到“float”，可能丢失数据
     1>TLD.cpp(103): warning C4018: “<”: 有符号/无符号不匹配
     1>TLD.cpp(130): warning C4018: “<”: 有符号/无符号不匹配
     1>TLD.cpp(140): warning C4244: “参数”: 从“float”转换到“unsigned int”，可能丢失数据
     1>TLD.cpp(206): warning C4244: “初始化”: 从“double”转换到“int”，可能丢失数据
     1>TLD.cpp(207): warning C4244: “初始化”: 从“double”转换到“int”，可能丢失数据
     1>TLD.cpp(210): warning C4244: “参数”: 从“int”转换到“float”，可能丢失数据
     1>TLD.cpp(216): warning C4018: “<”: 有符号/无符号不匹配
     1>TLD.cpp(225): warning C4018: “<”: 有符号/无符号不匹配
     1>TLD.cpp(226): warning C4018: “<”: 有符号/无符号不匹配
     1>TLD.cpp(227): warning C4244: “参数”: 从“double”转换到“float”，可能丢失数据
     1>TLD.cpp(231): warning C4244: “初始化”: 从“double”转换到“float”，可能丢失数据
     1>TLD.cpp(233): warning C4244: “=”: 从“double”转换到“int”，可能丢失数据
     1>TLD.cpp(234): warning C4244: “=”: 从“double”转换到“int”，可能丢失数据
     1>TLD.cpp(235): warning C4244: “=”: 从“double”转换到“int”，可能丢失数据
     1>TLD.cpp(236): warning C4244: “=”: 从“double”转换到“int”，可能丢失数据
     1>TLD.cpp(255): warning C4018: “<”: 有符号/无符号不匹配
     1>TLD.cpp(340): warning C4018: “<”: 有符号/无符号不匹配
     1>TLD.cpp(354): warning C4018: “<”: 有符号/无符号不匹配
     1>TLD.cpp(361): warning C4018: “<”: 有符号/无符号不匹配
     1>TLD.cpp(372): warning C4305: “初始化”: 从“double”到“const float”截断
     1>TLD.cpp(373): warning C4305: “初始化”: 从“double”到“const float”截断
     1>TLD.cpp(374): warning C4305: “初始化”: 从“double”到“const float”截断
     1>TLD.cpp(375): warning C4305: “初始化”: 从“double”到“const float”截断
     1>TLD.cpp(381): warning C4244: “=”: 从“double”转换到“int”，可能丢失数据
     1>TLD.cpp(382): warning C4244: “=”: 从“double”转换到“int”，可能丢失数据
     1>TLD.cpp(388): warning C4244: “+=”: 从“double”转换到“int”，可能丢失数据
     1>TLD.cpp(389): warning C4244: “+=”: 从“double”转换到“int”，可能丢失数据
     1>TLD.cpp(409): warning C4244: “初始化”: 从“const int”转换到“float”，可能丢失数据
     1>TLD.cpp(410): warning C4244: “初始化”: 从“const int”转换到“float”，可能丢失数据
     1>TLD.cpp(413): warning C4244: “初始化”: 从“const int”转换到“float”，可能丢失数据
     1>TLD.cpp(414): warning C4244: “初始化”: 从“const int”转换到“float”，可能丢失数据
     1>TLD.cpp(421): warning C4018: “<”: 有符号/无符号不匹配
     1>TLD.cpp(434): warning C4018: “>”: 有符号/无符号不匹配
     1>TLD.cpp(446): warning C4018: “<”: 有符号/无符号不匹配
     1>TLD.cpp(499): warning C4018: “<”: 有符号/无符号不匹配
     1>TLD.cpp(512): warning C4244: “=”: 从“double”转换到“int”，可能丢失数据
     1>TLD.cpp(513): warning C4244: “=”: 从“double”转换到“int”，可能丢失数据
     1>TLD.cpp(514): warning C4244: “=”: 从“double”转换到“int”，可能丢失数据
     1>TLD.cpp(515): warning C4244: “=”: 从“double”转换到“int”，可能丢失数据
     1>TLD.cpp(541): warning C4018: “<”: 有符号/无符号不匹配
     1>TLD.cpp(556): warning C4018: “<”: 有符号/无符号不匹配
         Tracker.cpp
     1>Tracker.cpp(17): warning C4244: “参数”: 从“float”转换到“int”，可能丢失数据
     1>Tracker.cpp(19): warning C4244: “参数”: 从“float”转换到“int”，可能丢失数据
     1>Tracker.cpp(21): warning C4018: “<”: 有符号/无符号不匹配
     1>Tracker.cpp(21): warning C4244: “=”: 从“double”转换到“float”，可能丢失数据
     1>Tracker.cpp(31): warning C4018: “<”: 有符号/无符号不匹配
         utility.cpp
     1>utility.cpp(27): warning C4244: “初始化”: 从“double”转换到“int”，可能丢失数据
       Link:
         C:\Program Files (x86)\Microsoft Visual Studio 11.0\VC\bin\link.exe /ERRORREPORT:PROMPT /OUT:"D:\opencv\proj\Signal\Release\signal.exe" /NOLOGO opencv_calib3d249d.lib opencv_contrib249d.lib opencv_core249d.lib opencv_features2d249d.lib opencv_flann249d.lib opencv_gpu249d.lib opencv_highgui249d.lib opencv_imgproc249d.lib opencv_legacy249d.lib opencv_ml249d.lib opencv_nonfree249d.lib opencv_objdetect249d.lib opencv_ocl249d.lib opencv_photo249d.lib opencv_stitching249d.lib opencv_superres249d.lib opencv_ts249d.lib opencv_video249d.lib opencv_videostab249d.lib kernel32.lib user32.lib gdi32.lib winspool.lib comdlg32.lib advapi32.lib shell32.lib ole32.lib oleaut32.lib uuid.lib odbc32.lib odbccp32.lib /MANIFEST /MANIFESTUAC:"level='asInvoker' uiAccess='false'" /manifest:embed /DEBUG /PDB:"D:\opencv\proj\Signal\Release\signal.pdb" /OPT:REF /OPT:ICF /LTCG /TLBID:1 /DYNAMICBASE /NXCOMPAT /IMPLIB:"D:\opencv\proj\Signal\Release\signal.lib" /MACHINE:X86 /SAFESEH Release\Classifier.obj
         Release\main.obj
         Release\TLD.obj
         Release\Tracker.obj
         Release\utility.obj
         正在生成代码
         已完成代码的生成
         signal.vcxproj -> D:\opencv\proj\Signal\Release\signal.exe
     1>已完成生成项目“D:\opencv\proj\Signal\signal\signal.vcxproj”(Build 个目标)的操作。

生成成功。

已用时间 00:00:12.80
