生成启动时间为 2015/2/4 18:04:55。
     1>项目“D:\opencv\proj\Signal\signal\signal.vcxproj”在节点 2 上(Build 个目标)。
     1>ClCompile:
         C:\Program Files (x86)\Microsoft Visual Studio 11.0\VC\bin\CL.exe /c /ZI /nologo /W3 /WX- /Od /Oy- /D _MBCS /Gm /EHsc /RTC1 /MDd /GS /fp:precise /Zc:wchar_t /Zc:forScope /Fo"Debug\\" /Fd"Debug\vc110.pdb" /Gd /TP /analyze- /errorReport:prompt Tracker.cpp
         Tracker.cpp
     1>d:\opencv\proj\signal\signal\tracker.cpp(17): warning C4244: “参数”: 从“float”转换到“int”，可能丢失数据
     1>d:\opencv\proj\signal\signal\tracker.cpp(19): warning C4244: “参数”: 从“float”转换到“int”，可能丢失数据
     1>d:\opencv\proj\signal\signal\tracker.cpp(21): warning C4018: “<”: 有符号/无符号不匹配
     1>d:\opencv\proj\signal\signal\tracker.cpp(21): warning C4244: “=”: 从“double”转换到“float”，可能丢失数据
     1>d:\opencv\proj\signal\signal\tracker.cpp(32): warning C4018: “<”: 有符号/无符号不匹配
       Link:
         C:\Program Files (x86)\Microsoft Visual Studio 11.0\VC\bin\link.exe /ERRORREPORT:PROMPT /OUT:"D:\opencv\proj\Signal\Debug\signal.exe" /INCREMENTAL /NOLOGO opencv_calib3d249d.lib opencv_contrib249d.lib opencv_core249d.lib opencv_features2d249d.lib opencv_flann249d.lib opencv_gpu249d.lib opencv_highgui249d.lib opencv_imgproc249d.lib opencv_legacy249d.lib opencv_ml249d.lib opencv_nonfree249d.lib opencv_objdetect249d.lib opencv_ocl249d.lib opencv_photo249d.lib opencv_stitching249d.lib opencv_superres249d.lib opencv_ts249d.lib opencv_video249d.lib opencv_videostab249d.lib kernel32.lib user32.lib gdi32.lib winspool.lib comdlg32.lib advapi32.lib shell32.lib ole32.lib oleaut32.lib uuid.lib odbc32.lib odbccp32.lib /MANIFEST /MANIFESTUAC:"level='asInvoker' uiAccess='false'" /manifest:embed /DEBUG /PDB:"D:\opencv\proj\Signal\Debug\signal.pdb" /TLBID:1 /DYNAMICBASE /NXCOMPAT /IMPLIB:"D:\opencv\proj\Signal\Debug\signal.lib" /MACHINE:X86 Debug\Classifier.obj
         Debug\main.obj
         Debug\TLD.obj
         Debug\Tracker.obj
         Debug\utility.obj
         signal.vcxproj -> D:\opencv\proj\Signal\Debug\signal.exe
     1>已完成生成项目“D:\opencv\proj\Signal\signal\signal.vcxproj”(Build 个目标)的操作。

生成成功。

已用时间 00:00:03.22
